<?xml version="1.0" encoding="UTF-8"?>
<!-- Generated by org.testng.reporters.JUnitReportReporter -->
<testsuite hostname="Santosh" failures="0" tests="3" name="daily_2_prog.GroupTest3" time="8.814" errors="0" timestamp="2022-07-27T17:54:25 IST" skipped="0">
  <testcase classname="daily_2_prog.GroupTest3" name="logout" time="0.361"/>
  <system-out/>
  <testcase classname="daily_2_prog.GroupTest3" name="launchChrome" time="8.064"/>
  <system-out/>
  <testcase classname="daily_2_prog.GroupTest3" name="login" time="0.389"/>
  <system-out/>
</testsuite> <!-- daily_2_prog.GroupTest3 -->
