<?xml version="1.0" encoding="UTF-8"?>
<!-- Generated by org.testng.reporters.JUnitReportReporter -->
<testsuite hostname="Santosh" failures="0" tests="1" name="TestNg_program.kiteZDatapro" time="22.873" errors="0" timestamp="2022-08-03T16:14:33 IST" skipped="0">
  <testcase classname="TestNg_program.kiteZDatapro" name="f" time="22.873"/>
  <system-out/>
</testsuite> <!-- TestNg_program.kiteZDatapro -->
