<?xml version="1.0" encoding="UTF-8"?>
<!-- Generated by org.testng.reporters.JUnitReportReporter -->
<testsuite hostname="Santosh" failures="0" tests="1" name="TestNg_program.Test_NG_pro" time="0.017" errors="0" timestamp="2022-07-23T18:11:24 IST" skipped="0">
  <testcase classname="TestNg_program.Test_NG_pro" name="f" time="0.017"/>
  <system-out/>
</testsuite> <!-- TestNg_program.Test_NG_pro -->
