<?xml version="1.0" encoding="UTF-8"?>
<!-- Generated by org.testng.reporters.JUnitReportReporter -->
<testsuite hostname="Santosh" failures="0" tests="2" name="TestNg_program.NewTest2" time="31.468" errors="0" timestamp="2022-07-23T12:14:27 IST" skipped="0">
  <testcase classname="TestNg_program.NewTest2" name="launchChrome" time="10.819"/>
  <system-out/>
  <testcase classname="TestNg_program.NewTest2" name="launchEdge" time="20.649"/>
  <system-out/>
</testsuite> <!-- TestNg_program.NewTest2 -->
