<?xml version="1.0" encoding="UTF-8"?>
<!-- Generated by org.testng.reporters.JUnitReportReporter -->
<testsuite hostname="Santosh" failures="0" tests="2" name="TestNg_program.Annotation" time="0.023" errors="0" timestamp="2022-07-23T18:29:27 IST" skipped="0">
  <testcase classname="TestNg_program.Annotation" name="s" time="0.009"/>
  <system-out/>
  <testcase classname="TestNg_program.Annotation" name="f" time="0.014"/>
  <system-out/>
</testsuite> <!-- TestNg_program.Annotation -->
