<?xml version="1.0" encoding="UTF-8"?>
<!-- Generated by org.testng.reporters.JUnitReportReporter -->
<testsuite hostname="Santosh" failures="0" tests="2" name="TestNg_program.Parameter_Demo" time="0.018" errors="0" timestamp="2022-07-27T15:21:19 IST" skipped="0">
  <testcase classname="TestNg_program.Parameter_Demo" name="add" time="0.014"/>
  <system-out/>
  <testcase classname="TestNg_program.Parameter_Demo" name="diff" time="0.004"/>
  <system-out/>
</testsuite> <!-- TestNg_program.Parameter_Demo -->
