<?xml version="1.0" encoding="UTF-8"?>
<!-- Generated by org.testng.reporters.JUnitReportReporter -->
<testsuite hostname="Santosh" failures="0" tests="5" name="TestNg_program.NewChromeTest" time="14.661" errors="0" timestamp="2022-08-02T17:35:16 IST" skipped="0">
  <testcase classname="TestNg_program.NewChromeTest" name="launchChrome" time="8.373"/>
  <system-out/>
  <testcase classname="TestNg_program.NewChromeTest" name="loginkite" time="0.368"/>
  <system-out/>
  <testcase classname="TestNg_program.NewChromeTest" name="Checktitle" time="0.021"/>
  <system-out/>
  <testcase classname="TestNg_program.NewChromeTest" name="loginkitepin" time="5.166"/>
  <system-out/>
  <testcase classname="TestNg_program.NewChromeTest" name="teardown" time="0.733"/>
  <system-out/>
</testsuite> <!-- TestNg_program.NewChromeTest -->
