<?xml version="1.0" encoding="UTF-8"?>
<!-- Generated by org.testng.reporters.JUnitReportReporter -->
<testsuite hostname="Santosh" failures="0" tests="4" name="daily_2_prog.GroypTestpriority" time="9.522" errors="0" timestamp="2022-07-27T17:58:23 IST" skipped="0">
  <testcase classname="daily_2_prog.GroypTestpriority" name="launchChrome" time="8.765"/>
  <system-out/>
  <testcase classname="daily_2_prog.GroypTestpriority" name="checktitle" time="0.033"/>
  <system-out/>
  <testcase classname="daily_2_prog.GroypTestpriority" name="login" time="0.359"/>
  <system-out/>
  <testcase classname="daily_2_prog.GroypTestpriority" name="logout" time="0.365"/>
  <system-out/>
</testsuite> <!-- daily_2_prog.GroypTestpriority -->
