<?xml version="1.0" encoding="UTF-8"?>
<!-- Generated by org.testng.reporters.JUnitReportReporter -->
<testsuite hostname="Santosh" failures="0" tests="3" name="interview_practice.GroupTest" time="14.818" errors="0" timestamp="2022-08-10T23:50:20 IST" skipped="0">
  <testcase classname="interview_practice.GroupTest" name="launchchrome" time="14.266"/>
  <system-out/>
  <testcase classname="interview_practice.GroupTest" name="checktitle" time="0.027"/>
  <system-out/>
  <testcase classname="interview_practice.GroupTest" name="login" time="0.525"/>
  <system-out/>
</testsuite> <!-- interview_practice.GroupTest -->
