<?xml version="1.0" encoding="UTF-8"?>
<!-- Generated by org.testng.reporters.JUnitReportReporter -->
<testsuite hostname="Santosh" failures="0" tests="5" name="TestNg_program.parllelMethodTest" time="28.895" errors="0" timestamp="2022-08-02T18:36:57 IST" skipped="0">
  <testcase classname="TestNg_program.parllelMethodTest" name="launchChrome" time="21.822"/>
  <system-out/>
  <testcase classname="TestNg_program.parllelMethodTest" name="loginkite" time="0.790"/>
  <system-out/>
  <testcase classname="TestNg_program.parllelMethodTest" name="Checktitle" time="0.022"/>
  <system-out/>
  <testcase classname="TestNg_program.parllelMethodTest" name="loginkitepin" time="5.183"/>
  <system-out/>
  <testcase classname="TestNg_program.parllelMethodTest" name="teardown" time="1.078"/>
  <system-out/>
</testsuite> <!-- TestNg_program.parllelMethodTest -->
