<?xml version="1.0" encoding="UTF-8"?>
<!-- Generated by org.testng.reporters.JUnitReportReporter -->
<testsuite hostname="Santosh" failures="0" tests="1" name="daily_2_prog.superclass" time="12.948" errors="0" timestamp="2022-07-27T18:58:24 IST" skipped="0">
  <testcase classname="daily_2_prog.superclass" name="launchChrome" time="12.948"/>
  <system-out/>
</testsuite> <!-- daily_2_prog.superclass -->
