<?xml version="1.0" encoding="UTF-8"?>
<!-- Generated by org.testng.reporters.JUnitReportReporter -->
<testsuite hostname="Santosh" failures="0" tests="4" name="TestNg_program.groupdependancydemo" time="16.246" errors="0" timestamp="2022-07-26T16:13:08 IST" skipped="0">
  <testcase classname="TestNg_program.groupdependancydemo" name="teardown" time="0.009"/>
  <system-out/>
  <testcase classname="TestNg_program.groupdependancydemo" name="ChekcTitle" time="0.028"/>
  <system-out/>
  <testcase classname="TestNg_program.groupdependancydemo" name="launchChrome" time="15.781"/>
  <system-out/>
  <testcase classname="TestNg_program.groupdependancydemo" name="login" time="0.428"/>
  <system-out/>
</testsuite> <!-- TestNg_program.groupdependancydemo -->
