<?xml version="1.0" encoding="UTF-8"?>
<!-- Generated by org.testng.reporters.JUnitReportReporter -->
<testsuite hostname="Santosh" failures="0" tests="2" name="daily_2_prog.Assert_Test" time="29.894" errors="0" timestamp="2022-08-03T17:38:19 IST" skipped="0">
  <testcase classname="daily_2_prog.Assert_Test" name="launchchrome" time="13.390"/>
  <system-out/>
  <testcase classname="daily_2_prog.Assert_Test" name="launchkite" time="16.504"/>
  <system-out/>
</testsuite> <!-- daily_2_prog.Assert_Test -->
