<?xml version="1.0" encoding="UTF-8"?>
<!-- Generated by org.testng.reporters.JUnitReportReporter -->
<testsuite hostname="Santosh" failures="0" tests="1" name="daily_2_prog.DataproviderTest" time="38.457" errors="0" timestamp="2022-07-29T12:10:52 IST" skipped="0">
  <testcase classname="daily_2_prog.DataproviderTest" name="f" time="38.457"/>
  <system-out/>
</testsuite> <!-- daily_2_prog.DataproviderTest -->
