<?xml version="1.0" encoding="UTF-8"?>
<!-- Generated by org.testng.reporters.JUnitReportReporter -->
<testsuite hostname="Santosh" failures="0" tests="1" name="daily_2_prog.Anotation2" time="0.014" errors="0" timestamp="2022-07-27T17:26:15 IST" skipped="0">
  <testcase classname="daily_2_prog.Anotation2" name="f" time="0.014"/>
  <system-out/>
</testsuite> <!-- daily_2_prog.Anotation2 -->
