<?xml version="1.0" encoding="UTF-8"?>
<!-- Generated by org.testng.reporters.JUnitReportReporter -->
<testsuite hostname="Santosh" failures="0" tests="2" name="daily_2_prog.AssertTest" time="43.312" errors="0" timestamp="2022-07-29T15:53:56 IST" skipped="0">
  <testcase classname="daily_2_prog.AssertTest" name="facebooklaunch" time="19.517"/>
  <system-out>
    <![CDATA[wecome to facebook]]>
  </system-out>
  <testcase classname="daily_2_prog.AssertTest" name="launchkite" time="23.795"/>
  <system-out>
    <![CDATA[welcome to selenuim]]>
  </system-out>
</testsuite> <!-- daily_2_prog.AssertTest -->
