<?xml version="1.0" encoding="UTF-8"?>
<!-- Generated by org.testng.reporters.JUnitReportReporter -->
<testsuite hostname="Santosh" failures="0" tests="5" name="TestNg_program.NewFirefoxTest" time="50.606" errors="0" timestamp="2022-08-02T17:35:16 IST" skipped="0">
  <testcase classname="TestNg_program.NewFirefoxTest" name="launchFirefox" time="29.844"/>
  <system-out/>
  <testcase classname="TestNg_program.NewFirefoxTest" name="loginkite" time="2.119"/>
  <system-out/>
  <testcase classname="TestNg_program.NewFirefoxTest" name="Checktitle" time="0.010"/>
  <system-out/>
  <testcase classname="TestNg_program.NewFirefoxTest" name="loginkitepin" time="14.823"/>
  <system-out/>
  <testcase classname="TestNg_program.NewFirefoxTest" name="teardown" time="3.810"/>
  <system-out/>
</testsuite> <!-- TestNg_program.NewFirefoxTest -->
