<?xml version="1.0" encoding="UTF-8"?>
<!-- Generated by org.testng.reporters.JUnitReportReporter -->
<testsuite hostname="Santosh" failures="0" tests="2" name="TestNg_program.NewTest" time="14.861" errors="0" timestamp="2022-07-24T15:17:44 IST" skipped="1">
  <testcase classname="TestNg_program.NewTest" name="launchEdge" time="14.861"/>
  <system-out/>
  <testcase classname="TestNg_program.NewTest" name="checktitle">
    <skipped/>
  </testcase> <!-- checktitle -->
  <system-out/>
</testsuite> <!-- TestNg_program.NewTest -->
