<?xml version="1.0" encoding="UTF-8"?>
<!-- Generated by org.testng.reporters.JUnitReportReporter -->
<testsuite hostname="Santosh" failures="0" tests="2" name="TestNg_program.test_NG" time="20.069" errors="0" timestamp="2022-07-24T14:33:41 IST" skipped="0">
  <testcase classname="TestNg_program.test_NG" name="second" time="7.632"/>
  <system-out/>
  <testcase classname="TestNg_program.test_NG" name="f" time="12.437"/>
  <system-out/>
</testsuite> <!-- TestNg_program.test_NG -->
