<?xml version="1.0" encoding="UTF-8"?>
<!-- Generated by org.testng.reporters.JUnitReportReporter -->
<testsuite hostname="Santosh" failures="0" tests="4" name="daily_2_prog.childclass" time="16.020" errors="0" timestamp="2022-07-27T18:58:24 IST" skipped="0">
  <testcase classname="daily_2_prog.childclass" name="teardown" time="0.010"/>
  <system-out/>
  <testcase classname="daily_2_prog.childclass" name="launchChrome" time="15.478"/>
  <system-out/>
  <testcase classname="daily_2_prog.childclass" name="ChekcTitle" time="0.025"/>
  <system-out/>
  <testcase classname="daily_2_prog.childclass" name="login" time="0.507"/>
  <system-out/>
</testsuite> <!-- daily_2_prog.childclass -->
