<?xml version="1.0" encoding="UTF-8"?>
<!-- Generated by org.testng.reporters.JUnitReportReporter -->
<testsuite hostname="Santosh" failures="0" tests="3" name="daily_2_prog.GroupTest" time="8.822" errors="0" timestamp="2022-07-26T15:11:37 IST" skipped="1">
  <testcase classname="daily_2_prog.GroupTest" name="launchChrome" time="8.815"/>
  <system-out/>
  <testcase classname="daily_2_prog.GroupTest" name="teardown" time="0.007"/>
  <system-out/>
  <testcase classname="daily_2_prog.GroupTest" name="ChekcTitle">
    <skipped/>
  </testcase> <!-- ChekcTitle -->
  <system-out/>
</testsuite> <!-- daily_2_prog.GroupTest -->
