<?xml version="1.0" encoding="UTF-8"?>
<!-- Generated by org.testng.reporters.JUnitReportReporter -->
<testsuite hostname="Santosh" failures="0" tests="4" name="daily_2_prog.GroupDEpendTest" time="9.400" errors="0" timestamp="2022-07-27T18:24:18 IST" skipped="0">
  <testcase classname="daily_2_prog.GroupDEpendTest" name="launchChrome" time="8.528"/>
  <system-out/>
  <testcase classname="daily_2_prog.GroupDEpendTest" name="login" time="0.387"/>
  <system-out/>
  <testcase classname="daily_2_prog.GroupDEpendTest" name="logout" time="0.459"/>
  <system-out/>
  <testcase classname="daily_2_prog.GroupDEpendTest" name="checktitle" time="0.026"/>
  <system-out/>
</testsuite> <!-- daily_2_prog.GroupDEpendTest -->
