<?xml version="1.0" encoding="UTF-8"?>
<!-- Generated by org.testng.reporters.JUnitReportReporter -->
<testsuite hostname="Santosh" failures="0" tests="4" name="TestNg_program.chlidsclass" time="9.620" errors="0" timestamp="2022-07-27T18:55:21 IST" skipped="0">
  <testcase classname="TestNg_program.chlidsclass" name="teardown" time="0.013"/>
  <system-out/>
  <testcase classname="TestNg_program.chlidsclass" name="ChekcTitle" time="0.026"/>
  <system-out/>
  <testcase classname="TestNg_program.chlidsclass" name="launchChrome" time="9.143"/>
  <system-out/>
  <testcase classname="TestNg_program.chlidsclass" name="login" time="0.438"/>
  <system-out/>
</testsuite> <!-- TestNg_program.chlidsclass -->
