<?xml version="1.0" encoding="UTF-8"?>
<!-- Generated by org.testng.reporters.JUnitReportReporter -->
<testsuite hostname="Santosh" failures="0" tests="3" name="TestNg_program.browserparameter" time="61.714" errors="0" timestamp="2022-07-30T19:12:38 IST" skipped="0">
  <testcase classname="TestNg_program.browserparameter" name="browser" time="20.279"/>
  <system-out/>
  <testcase classname="TestNg_program.browserparameter" name="browser" time="41.432"/>
  <system-out/>
  <testcase classname="TestNg_program.browserparameter" name="browser" time="0.003"/>
  <system-out/>
</testsuite> <!-- TestNg_program.browserparameter -->
