<?xml version="1.0" encoding="UTF-8"?>
<!-- Generated by org.testng.reporters.JUnitReportReporter -->
<testsuite hostname="Santosh" failures="0" tests="5" name="TestNg_program.NewEdgeTest" time="14.460" errors="0" timestamp="2022-08-02T17:35:16 IST" skipped="0">
  <testcase classname="TestNg_program.NewEdgeTest" name="launchedge" time="7.851"/>
  <system-out/>
  <testcase classname="TestNg_program.NewEdgeTest" name="loginkite" time="0.665"/>
  <system-out/>
  <testcase classname="TestNg_program.NewEdgeTest" name="Checktitle" time="0.015"/>
  <system-out/>
  <testcase classname="TestNg_program.NewEdgeTest" name="loginkitepin" time="5.143"/>
  <system-out/>
  <testcase classname="TestNg_program.NewEdgeTest" name="teardown" time="0.786"/>
  <system-out/>
</testsuite> <!-- TestNg_program.NewEdgeTest -->
