<?xml version="1.0" encoding="UTF-8"?>
<!-- Generated by org.testng.reporters.JUnitReportReporter -->
<testsuite hostname="Santosh" failures="0" tests="1" name="All_practice.GoupTest" time="0.129" errors="0" timestamp="2022-08-13T19:14:18 IST" skipped="0">
  <testcase classname="All_practice.GoupTest" name="logout" time="0.129"/>
  <system-out/>
</testsuite> <!-- All_practice.GoupTest -->
