<?xml version="1.0" encoding="UTF-8"?>
<!-- Generated by org.testng.reporters.JUnitReportReporter -->
<testsuite hostname="Santosh" failures="0" tests="4" name="daily_2_prog.MethodDepen" time="9.780" errors="0" timestamp="2022-07-27T18:10:30 IST" skipped="0">
  <testcase classname="daily_2_prog.MethodDepen" name="logout" time="0.311"/>
  <system-out/>
  <testcase classname="daily_2_prog.MethodDepen" name="login" time="0.346"/>
  <system-out/>
  <testcase classname="daily_2_prog.MethodDepen" name="launchChrome" time="9.094"/>
  <system-out/>
  <testcase classname="daily_2_prog.MethodDepen" name="checktitle" time="0.029"/>
  <system-out/>
</testsuite> <!-- daily_2_prog.MethodDepen -->
