<?xml version="1.0" encoding="UTF-8"?>
<!-- Generated by org.testng.reporters.JUnitReportReporter -->
<testsuite hostname="Santosh" failures="0" tests="1" name="TestNg_program.kite" time="19.677" errors="0" timestamp="2022-07-29T11:46:29 IST" skipped="0">
  <testcase classname="TestNg_program.kite" name="f" time="19.677"/>
  <system-out/>
</testsuite> <!-- TestNg_program.kite -->
