<?xml version="1.0" encoding="UTF-8"?>
<!-- Generated by org.testng.reporters.JUnitReportReporter -->
<testsuite hostname="Santosh" failures="0" tests="3" name="TestNg_program.Annotation1" time="0.090" errors="0" timestamp="2022-07-24T09:00:01 IST" skipped="0">
  <testcase classname="TestNg_program.Annotation1" name="ss" time="0.012"/>
  <system-out/>
  <testcase classname="TestNg_program.Annotation1" name="s" time="0.015"/>
  <system-out/>
  <testcase classname="TestNg_program.Annotation1" name="f" time="0.063"/>
  <system-out/>
</testsuite> <!-- TestNg_program.Annotation1 -->
