<?xml version="1.0" encoding="UTF-8"?>
<!-- Generated by org.testng.reporters.JUnitReportReporter -->
<testsuite hostname="Santosh" failures="0" tests="2" name="TestNg_program.groupdepenceny" time="0.020" errors="0" timestamp="2022-07-26T15:42:01 IST" skipped="0">
  <testcase classname="TestNg_program.groupdepenceny" name="login" time="0.017"/>
  <system-out/>
  <testcase classname="TestNg_program.groupdepenceny" name="viewaccount" time="0.003"/>
  <system-out/>
</testsuite> <!-- TestNg_program.groupdepenceny -->
