<?xml version="1.0" encoding="UTF-8"?>
<!-- Generated by org.testng.reporters.JUnitReportReporter -->
<testsuite hostname="Santosh" failures="0" tests="1" name="TestNg_program.NewTest1" time="19.586" errors="0" timestamp="2022-07-23T14:39:20 IST" skipped="0">
  <testcase classname="TestNg_program.NewTest1" name="launchChrome" time="19.586"/>
  <system-out/>
</testsuite> <!-- TestNg_program.NewTest1 -->
