<?xml version="1.0" encoding="UTF-8"?>
<!-- Generated by org.testng.reporters.JUnitReportReporter -->
<testsuite hostname="Santosh" failures="0" tests="6" name="daily_2_prog.Newcrossb2Test" time="4.066" errors="0" timestamp="2022-08-02T19:20:48 IST" skipped="0">
  <testcase classname="daily_2_prog.Newcrossb2Test" name="loginkite" time="0.495"/>
  <system-out/>
  <testcase classname="daily_2_prog.Newcrossb2Test" name="loginkite" time="2.002"/>
  <system-out/>
  <testcase classname="daily_2_prog.Newcrossb2Test" name="loginkite" time="1.368"/>
  <system-out/>
  <testcase classname="daily_2_prog.Newcrossb2Test" name="Checktitle" time="0.156"/>
  <system-out/>
  <testcase classname="daily_2_prog.Newcrossb2Test" name="Checktitle" time="0.020"/>
  <system-out/>
  <testcase classname="daily_2_prog.Newcrossb2Test" name="Checktitle" time="0.025"/>
  <system-out/>
</testsuite> <!-- daily_2_prog.Newcrossb2Test -->
