<?xml version="1.0" encoding="UTF-8"?>
<!-- Generated by org.testng.reporters.JUnitReportReporter -->
<testsuite hostname="Santosh" failures="0" tests="2" name="TestNg_program.GroupTest" time="19.671" errors="0" timestamp="2022-08-13T18:24:41 IST" skipped="0">
  <testcase classname="TestNg_program.GroupTest" name="second" time="1.031"/>
  <system-out/>
  <testcase classname="TestNg_program.GroupTest" name="first" time="18.640"/>
  <system-out/>
</testsuite> <!-- TestNg_program.GroupTest -->
