<?xml version="1.0" encoding="UTF-8"?>
<!-- Generated by org.testng.reporters.JUnitReportReporter -->
<testsuite hostname="Santosh" failures="0" tests="6" name="daily_2_prog.CrossBrowserTest2" time="3.756" errors="0" timestamp="2022-08-02T19:06:56 IST" skipped="0">
  <testcase classname="daily_2_prog.CrossBrowserTest2" name="loginkite" time="0.598"/>
  <system-out/>
  <testcase classname="daily_2_prog.CrossBrowserTest2" name="loginkite" time="1.163"/>
  <system-out/>
  <testcase classname="daily_2_prog.CrossBrowserTest2" name="loginkite" time="1.695"/>
  <system-out/>
  <testcase classname="daily_2_prog.CrossBrowserTest2" name="Checktitle" time="0.019"/>
  <system-out/>
  <testcase classname="daily_2_prog.CrossBrowserTest2" name="Checktitle" time="0.056"/>
  <system-out/>
  <testcase classname="daily_2_prog.CrossBrowserTest2" name="Checktitle" time="0.225"/>
  <system-out/>
</testsuite> <!-- daily_2_prog.CrossBrowserTest2 -->
