<?xml version="1.0" encoding="UTF-8"?>
<!-- Generated by org.testng.reporters.JUnitReportReporter -->
<testsuite hostname="Santosh" failures="0" tests="1" name="TestNg_program.superclass" time="16.155" errors="0" timestamp="2022-07-27T18:55:21 IST" skipped="0">
  <testcase classname="TestNg_program.superclass" name="launchChrome" time="16.155"/>
  <system-out/>
</testsuite> <!-- TestNg_program.superclass -->
