<?xml version="1.0" encoding="UTF-8"?>
<!-- Generated by org.testng.reporters.JUnitReportReporter -->
<testsuite hostname="Santosh" failures="0" tests="4" name="TestNg_program.DependancyDemo" time="52.353" errors="0" timestamp="2022-08-14T11:44:50 IST" skipped="0">
  <testcase classname="TestNg_program.DependancyDemo" name="launchChrome" time="49.562"/>
  <system-out/>
  <testcase classname="TestNg_program.DependancyDemo" name="ChekcTitle" time="0.456"/>
  <system-out/>
  <testcase classname="TestNg_program.DependancyDemo" name="login" time="2.324"/>
  <system-out/>
  <testcase classname="TestNg_program.DependancyDemo" name="teardown" time="0.011"/>
  <system-out/>
</testsuite> <!-- TestNg_program.DependancyDemo -->
