<?xml version="1.0" encoding="UTF-8"?>
<!-- Generated by org.testng.reporters.JUnitReportReporter -->
<testsuite hostname="Santosh" failures="0" tests="2" name="TestNg_program.Datapro" time="59.654" errors="0" timestamp="2022-07-28T18:18:08 IST" skipped="0">
  <testcase classname="TestNg_program.Datapro" name="f" time="42.380"/>
  <system-out/>
  <testcase classname="TestNg_program.Datapro" name="f" time="17.274"/>
  <system-out/>
</testsuite> <!-- TestNg_program.Datapro -->
