<?xml version="1.0" encoding="UTF-8"?>
<!-- Generated by org.testng.reporters.JUnitReportReporter -->
<testsuite hostname="Santosh" failures="0" tests="1" name="TestNg_program.parameterMul" time="0.002" errors="0" timestamp="2022-07-27T15:21:19 IST" skipped="0">
  <testcase classname="TestNg_program.parameterMul" name="mul" time="0.002"/>
  <system-out/>
</testsuite> <!-- TestNg_program.parameterMul -->
