<?xml version="1.0" encoding="UTF-8"?>
<!-- Generated by org.testng.reporters.JUnitReportReporter -->
<testsuite hostname="saurabh-PC" failures="0" tests="4" name="All_practice.MethodDepen" time="13.844" errors="0" timestamp="2022-08-15T11:37:36 IST" skipped="0">
  <testcase classname="All_practice.MethodDepen" name="lunchchrome" time="12.512"/>
  <system-out/>
  <testcase classname="All_practice.MethodDepen" name="checktitle" time="0.037"/>
  <system-out/>
  <testcase classname="All_practice.MethodDepen" name="teardown" time="0.061"/>
  <system-out/>
  <testcase classname="All_practice.MethodDepen" name="login" time="1.234"/>
  <system-out/>
</testsuite> <!-- All_practice.MethodDepen -->
